# JRE version: OpenJDK Runtime Environment (8.0_151-b12) (build 1.8.0_151-8u151-b12-0ubuntu0.16.04.2-b12)
# Java VM: OpenJDK 64-Bit Server VM (25.151-b12 mixed mode linux-amd64 compressed oops)
Heap:
 PSYoungGen      total 200192K, used 88797K [0x00000000e1f80000, 0x00000000f4100000, 0x0000000100000000)
  eden space 192000K, 41% used [0x00000000e1f80000,0x00000000e6e39a18,0x00000000edb00000)
  from space 8192K, 99% used [0x00000000edb00000,0x00000000ee2fddb0,0x00000000ee300000)
  to   space 15872K, 0% used [0x00000000f3180000,0x00000000f3180000,0x00000000f4100000)
 ParOldGen       total 51712K, used 31348K [0x00000000a5e00000, 0x00000000a9080000, 0x00000000e1f80000)
  object space 51712K, 60% used [0x00000000a5e00000,0x00000000a7c9d0a8,0x00000000a9080000)
 Metaspace       used 25143K, capacity 27086K, committed 27392K, reserved 1073152K
  class space    used 2907K, capacity 3967K, committed 4096K, reserved 1048576K
GC Heap History (10 events):
Event: 18.106 GC heap before
{Heap before GC invocations=6 (full 0):
 PSYoungGen      total 51712K, used 51696K [0x00000000e1f80000, 0x00000000e8d80000, 0x0000000100000000)
  eden space 48128K, 100% used [0x00000000e1f80000,0x00000000e4e80000,0x00000000e4e80000)
  from space 3584K, 99% used [0x00000000e4e80000,0x00000000e51fc010,0x00000000e5200000)
  to   space 8192K, 0% used [0x00000000e8580000,0x00000000e8580000,0x00000000e8d80000)
 ParOldGen       total 62976K, used 14153K [0x00000000a5e00000, 0x00000000a9b80000, 0x00000000e1f80000)
  object space 62976K, 22% used [0x00000000a5e00000,0x00000000a6bd24e8,0x00000000a9b80000)
 Metaspace       used 15423K, capacity 16542K, committed 16768K, reserved 1062912K
  class space    used 1718K, capacity 2349K, committed 2432K, reserved 1048576K
Event: 18.167 GC heap after
Heap after GC invocations=6 (full 0):
 PSYoungGen      total 104448K, used 6659K [0x00000000e1f80000, 0x00000000e8d80000, 0x0000000100000000)
  eden space 96256K, 0% used [0x00000000e1f80000,0x00000000e1f80000,0x00000000e7d80000)
  from space 8192K, 81% used [0x00000000e8580000,0x00000000e8c00fb0,0x00000000e8d80000)
  to   space 8192K, 0% used [0x00000000e7d80000,0x00000000e7d80000,0x00000000e8580000)
 ParOldGen       total 62976K, used 14153K [0x00000000a5e00000, 0x00000000a9b80000, 0x00000000e1f80000)
  object space 62976K, 22% used [0x00000000a5e00000,0x00000000a6bd24e8,0x00000000a9b80000)
 Metaspace       used 15423K, capacity 16542K, committed 16768K, reserved 1062912K
  class space    used 1718K, capacity 2349K, committed 2432K, reserved 1048576K
}
Event: 22.253 GC heap before
{Heap before GC invocations=7 (full 0):
 PSYoungGen      total 104448K, used 102915K [0x00000000e1f80000, 0x00000000e8d80000, 0x0000000100000000)
  eden space 96256K, 100% used [0x00000000e1f80000,0x00000000e7d80000,0x00000000e7d80000)
  from space 8192K, 81% used [0x00000000e8580000,0x00000000e8c00fb0,0x00000000e8d80000)
  to   space 8192K, 0% used [0x00000000e7d80000,0x00000000e7d80000,0x00000000e8580000)
 ParOldGen       total 62976K, used 14153K [0x00000000a5e00000, 0x00000000a9b80000, 0x00000000e1f80000)
  object space 62976K, 22% used [0x00000000a5e00000,0x00000000a6bd24e8,0x00000000a9b80000)
 Metaspace       used 17790K, capacity 19446K, committed 19584K, reserved 1067008K
  class space    used 2039K, capacity 2931K, committed 2944K, reserved 1048576K
Event: 22.367 GC heap after
Heap after GC invocations=7 (full 0):
 PSYoungGen      total 104448K, used 6512K [0x00000000e1f80000, 0x00000000eea80000, 0x0000000100000000)
  eden space 96256K, 0% used [0x00000000e1f80000,0x00000000e1f80000,0x00000000e7d80000)
  from space 8192K, 79% used [0x00000000e7d80000,0x00000000e83dc208,0x00000000e8580000)
  to   space 7680K, 0% used [0x00000000ee300000,0x00000000ee300000,0x00000000eea80000)
 ParOldGen       total 62976K, used 17068K [0x00000000a5e00000, 0x00000000a9b80000, 0x00000000e1f80000)
  object space 62976K, 27% used [0x00000000a5e00000,0x00000000a6eab2e0,0x00000000a9b80000)
 Metaspace       used 17790K, capacity 19446K, committed 19584K, reserved 1067008K
  class space    used 2039K, capacity 2931K, committed 2944K, reserved 1048576K
}
Event: 24.388 GC heap before
{Heap before GC invocations=8 (full 0):
 PSYoungGen      total 104448K, used 44921K [0x00000000e1f80000, 0x00000000eea80000, 0x0000000100000000)
  eden space 96256K, 39% used [0x00000000e1f80000,0x00000000e4502478,0x00000000e7d80000)
  from space 8192K, 79% used [0x00000000e7d80000,0x00000000e83dc208,0x00000000e8580000)
  to   space 7680K, 0% used [0x00000000ee300000,0x00000000ee300000,0x00000000eea80000)
 ParOldGen       total 62976K, used 17068K [0x00000000a5e00000, 0x00000000a9b80000, 0x00000000e1f80000)
  object space 62976K, 27% used [0x00000000a5e00000,0x00000000a6eab2e0,0x00000000a9b80000)
 Metaspace       used 19280K, capacity 21196K, committed 21248K, reserved 1067008K
  class space    used 2239K, capacity 3296K, committed 3328K, reserved 1048576K
Event: 24.413 GC heap after
Heap after GC invocations=8 (full 0):
 PSYoungGen      total 199680K, used 3930K [0x00000000e1f80000, 0x00000000eeb80000, 0x0000000100000000)
  eden space 192000K, 0% used [0x00000000e1f80000,0x00000000e1f80000,0x00000000edb00000)
  from space 7680K, 51% used [0x00000000ee300000,0x00000000ee6d6a90,0x00000000eea80000)
  to   space 8192K, 0% used [0x00000000edb00000,0x00000000edb00000,0x00000000ee300000)
 ParOldGen       total 62976K, used 17196K [0x00000000a5e00000, 0x00000000a9b80000, 0x00000000e1f80000)
  object space 62976K, 27% used [0x00000000a5e00000,0x00000000a6ecb2e0,0x00000000a9b80000)
 Metaspace       used 19280K, capacity 21196K, committed 21248K, reserved 1067008K
  class space    used 2239K, capacity 3296K, committed 3328K, reserved 1048576K
}
Event: 24.413 GC heap before
{Heap before GC invocations=9 (full 1):
 PSYoungGen      total 199680K, used 3930K [0x00000000e1f80000, 0x00000000eeb80000, 0x0000000100000000)
  eden space 192000K, 0% used [0x00000000e1f80000,0x00000000e1f80000,0x00000000edb00000)
  from space 7680K, 51% used [0x00000000ee300000,0x00000000ee6d6a90,0x00000000eea80000)
  to   space 8192K, 0% used [0x00000000edb00000,0x00000000edb00000,0x00000000ee300000)
 ParOldGen       total 62976K, used 17196K [0x00000000a5e00000, 0x00000000a9b80000, 0x00000000e1f80000)
  object space 62976K, 27% used [0x00000000a5e00000,0x00000000a6ecb2e0,0x00000000a9b80000)
 Metaspace       used 19280K, capacity 21196K, committed 21248K, reserved 1067008K
  class space    used 2239K, capacity 3296K, committed 3328K, reserved 1048576K
Event: 24.768 GC heap after
Heap after GC invocations=9 (full 1):
 PSYoungGen      total 199680K, used 0K [0x00000000e1f80000, 0x00000000eeb80000, 0x0000000100000000)
  eden space 192000K, 0% used [0x00000000e1f80000,0x00000000e1f80000,0x00000000edb00000)
  from space 7680K, 0% used [0x00000000ee300000,0x00000000ee300000,0x00000000eea80000)
  to   space 8192K, 0% used [0x00000000edb00000,0x00000000edb00000,0x00000000ee300000)
 ParOldGen       total 51712K, used 13898K [0x00000000a5e00000, 0x00000000a9080000, 0x00000000e1f80000)
  object space 51712K, 26% used [0x00000000a5e00000,0x00000000a6b92b98,0x00000000a9080000)
 Metaspace       used 12325K, capacity 12940K, committed 21248K, reserved 1067008K
  class space    used 1267K, capacity 1504K, committed 3328K, reserved 1048576K
}
Event: 36.482 GC heap before
{Heap before GC invocations=10 (full 1):
 PSYoungGen      total 199680K, used 192000K [0x00000000e1f80000, 0x00000000eeb80000, 0x0000000100000000)
  eden space 192000K, 100% used [0x00000000e1f80000,0x00000000edb00000,0x00000000edb00000)
  from space 7680K, 0% used [0x00000000ee300000,0x00000000ee300000,0x00000000eea80000)
  to   space 8192K, 0% used [0x00000000edb00000,0x00000000edb00000,0x00000000ee300000)
 ParOldGen       total 51712K, used 13898K [0x00000000a5e00000, 0x00000000a9080000, 0x00000000e1f80000)
  object space 51712K, 26% used [0x00000000a5e00000,0x00000000a6b92b98,0x00000000a9080000)
 Metaspace       used 22152K, capacity 23860K, committed 24064K, reserved 1069056K
  class space    used 2601K, capacity 3501K, committed 3584K, reserved 1048576K
Event: 36.814 GC heap after
Heap after GC invocations=10 (full 1):
 PSYoungGen      total 200192K, used 8183K [0x00000000e1f80000, 0x00000000f4100000, 0x0000000100000000)
  eden space 192000K, 0% used [0x00000000e1f80000,0x00000000e1f80000,0x00000000edb00000)
  from space 8192K, 99% used [0x00000000edb00000,0x00000000ee2fddb0,0x00000000ee300000)
  to   space 15872K, 0% used [0x00000000f3180000,0x00000000f3180000,0x00000000f4100000)
 ParOldGen       total 51712K, used 31348K [0x00000000a5e00000, 0x00000000a9080000, 0x00000000e1f80000)
  object space 51712K, 60% used [0x00000000a5e00000,0x00000000a7c9d0a8,0x00000000a9080000)
 Metaspace       used 22152K, capacity 23860K, committed 24064K, reserved 1069056K
  class space    used 2601K, capacity 3501K, committed 3584K, reserved 1048576K
}

